<?xml version="1.0" encoding="utf-8"?><testsuites name="pytest tests"><testsuite name="pytest" errors="0" failures="1" skipped="0" tests="14" time="3.764" timestamp="2026-05-04T10:58:30.191420+00:00" hostname="agent-env-443da5b6-244e-4540-a054-1d2f343f49e4"><testcase classname="tests.test_scheduler_api.TestAuth" name="test_login_success" time="0.454" /><testcase classname="tests.test_scheduler_api.TestAuth" name="test_login_wrong_password_greek" time="0.362" /><testcase classname="tests.test_scheduler_api.TestAuth" name="test_me_requires_auth" time="0.133" /><testcase classname="tests.test_scheduler_api.TestAuth" name="test_me_returns_user" time="0.503" /><testcase classname="tests.test_scheduler_api.TestDoctors" name="test_list_doctors_seeded" time="0.091" /><testcase classname="tests.test_scheduler_api.TestDoctors" name="test_doctor_crud" time="0.597" /><testcase classname="tests.test_scheduler_api.TestHolidays" name="test_2026_holidays" time="0.110" /><testcase classname="tests.test_scheduler_api.TestSchedules" name="test_create_has_defaults" time="0.197" /><testcase classname="tests.test_scheduler_api.TestSchedules" name="test_update_day_definitions" time="0.119" /><testcase classname="tests.test_scheduler_api.TestSchedules" name="test_generate_produces_valid" time="0.177" /><testcase classname="tests.test_scheduler_api.TestSchedules" name="test_validate_clean_after_generate" time="0.117" /><testcase classname="tests.test_scheduler_api.TestSchedules" name="test_export_pdf_with_bearer" time="0.099"><failure message="assert 401 == 200&#10; +  where 401 = &lt;Response [401]&gt;.status_code">tests/test_scheduler_api.py:158: in test_export_pdf_with_bearer
    assert r.status_code == 200
E   assert 401 == 200
E    +  where 401 = &lt;Response [401]&gt;.status_code</failure></testcase><testcase classname="tests.test_scheduler_api.TestSchedules" name="test_export_pdf_with_query_token" time="0.163" /><testcase classname="tests.test_scheduler_api.TestSchedules" name="test_export_pdf_no_token_401" time="0.452" /></testsuite></testsuites>